2021-05-01 00:41:52: == Sync Started by User Command
2021-05-01 00:41:52: Удалён Файл Z:/Portal Программы/_GitHub/GamePenguin/New Unity Project (1)/Library/Artifacts/04/04ca2e94563c4dca4fbc98659bd0104c
2021-05-01 00:41:52: Удалён Файл Z:/Portal Программы/_GitHub/GamePenguin/New Unity Project (1)/Library/Artifacts/08/08d85309b240448939c2428041e699d8
2021-05-01 00:41:52: Удалён Файл Z:/Portal Программы/_GitHub/GamePenguin/New Unity Project (1)/Library/Artifacts/22/222b00c136be3817b83e0c2701d00b01
2021-05-01 00:41:52: Удалён Файл Z:/Portal Программы/_GitHub/GamePenguin/New Unity Project (1)/Library/Artifacts/2c/2c77ed67ad266d8bafab0d99eafaac9b
2021-05-01 00:41:52: Удалён Файл Z:/Portal Программы/_GitHub/GamePenguin/New Unity Project (1)/Library/Artifacts/33/33fb6928acea9b9da3cd4c0e79ad4600
2021-05-01 00:41:52: Удалён Файл Z:/Portal Программы/_GitHub/GamePenguin/New Unity Project (1)/Library/Artifacts/37/37dbeace007311b1973903ce396c354d
2021-05-01 00:41:52: Удалён Файл Z:/Portal Программы/_GitHub/GamePenguin/New Unity Project (1)/Library/Artifacts/6f/6fb5d6f665c28fd2866c810318d60774
2021-05-01 00:41:52: Удалён Файл Z:/Portal Программы/_GitHub/GamePenguin/New Unity Project (1)/Library/Artifacts/70/70939ac6c326eaf48dd9b9bd72278f01
2021-05-01 00:41:52: Удалён Файл Z:/Portal Программы/_GitHub/GamePenguin/New Unity Project (1)/Library/Artifacts/84/84d71831c7b2da8e57b67a5b752b99c9
2021-05-01 00:41:52: Удалён Файл Z:/Portal Программы/_GitHub/GamePenguin/New Unity Project (1)/Library/Artifacts/8a/8aefb2211526d701c58b74259ad284d0
2021-05-01 00:41:52: Удалён Файл Z:/Portal Программы/_GitHub/GamePenguin/New Unity Project (1)/Library/Artifacts/8b/8b936401dda45630c2e19f7c4b29d5a6
2021-05-01 00:41:52: Удалён Файл Z:/Portal Программы/_GitHub/GamePenguin/New Unity Project (1)/Library/Artifacts/b0/b009d3fe13cbee98d135e077db277321
2021-05-01 00:41:52: Удалён Файл Z:/Portal Программы/_GitHub/GamePenguin/New Unity Project (1)/Library/Artifacts/bc/bc8fb9853191915ba06ba31f8eb09913
2021-05-01 00:41:52: Удалён Файл Z:/Portal Программы/_GitHub/GamePenguin/New Unity Project (1)/Library/Artifacts/ca/ca5437abdd3306051d078388c76a99b6
2021-05-01 00:41:52: Удалён Файл Z:/Portal Программы/_GitHub/GamePenguin/New Unity Project (1)/Library/Artifacts/e9/e9f30472c6ff85166b37c030e7bbbc09
2021-05-01 00:41:52: Удалён Файл Z:/Portal Программы/_GitHub/GamePenguin/New Unity Project (1)/Library/EditorInstance.json
2021-05-01 00:41:52: Удалён Файл Z:/Portal Программы/_GitHub/GamePenguin/New Unity Project (1)/Temp/__Backupscenes/0.backup
2021-05-01 00:41:52: Удалена Папка Z:/Portal Программы/_GitHub/GamePenguin/New Unity Project (1)/Temp/__Backupscenes
2021-05-01 00:41:52: Удалён Файл Z:/Portal Программы/_GitHub/GamePenguin/New Unity Project (1)/Temp/Assembly-CSharp-Editor.dll.hash
2021-05-01 00:41:52: Удалён Файл Z:/Portal Программы/_GitHub/GamePenguin/New Unity Project (1)/Temp/Assembly-CSharp.dll.hash
2021-05-01 00:41:52: Удалена Папка Z:/Portal Программы/_GitHub/GamePenguin/New Unity Project (1)/Temp/bin/Debug
2021-05-01 00:41:52: Удалена Папка Z:/Portal Программы/_GitHub/GamePenguin/New Unity Project (1)/Temp/bin
2021-05-01 00:41:52: Удалён Файл Z:/Portal Программы/_GitHub/GamePenguin/New Unity Project (1)/Temp/CompilationLog.txt
2021-05-01 00:41:52: Удалена Папка Z:/Portal Программы/_GitHub/GamePenguin/New Unity Project (1)/Temp/ProcessJobs
2021-05-01 00:41:52: Удалена Папка Z:/Portal Программы/_GitHub/GamePenguin/New Unity Project (1)/Temp/RefreshSync
2021-05-01 00:41:52: Удалён Файл Z:/Portal Программы/_GitHub/GamePenguin/New Unity Project (1)/Temp/UnityLockfile
2021-05-01 00:41:52: Удалён Файл Z:/Portal Программы/_GitHub/GamePenguin/New Unity Project (1)/Temp/UnityTempFile-0722588dec45de342970487fa98bf05c
2021-05-01 00:41:52: Удалён Файл Z:/Portal Программы/_GitHub/GamePenguin/New Unity Project (1)/Temp/UnityTempFile-0736e359147454347ad5755ce5dc9ad3
2021-05-01 00:41:52: Удалён Файл Z:/Portal Программы/_GitHub/GamePenguin/New Unity Project (1)/Temp/UnityTempFile-2183e87cb2bc5d84181391f0e2f6ff19
2021-05-01 00:41:52: Удалён Файл Z:/Portal Программы/_GitHub/GamePenguin/New Unity Project (1)/Temp/UnityTempFile-555214f781111454c97a4c49cffad81c
2021-05-01 00:41:52: Удалён Файл Z:/Portal Программы/_GitHub/GamePenguin/New Unity Project (1)/Temp/UnityTempFile-79a4a79d436189646a299ffcb7dc7c76
2021-05-01 00:41:52: Удалён Файл Z:/Portal Программы/_GitHub/GamePenguin/New Unity Project (1)/Temp/UnityTempFile-7d7f82ea25b35134dac099601894d302
2021-05-01 00:41:52: Удалён Файл Z:/Portal Программы/_GitHub/GamePenguin/New Unity Project (1)/Temp/UnityTempFile-893e65c81efef12408cae76844a8bec2
2021-05-01 00:41:52: Удалён Файл Z:/Portal Программы/_GitHub/GamePenguin/New Unity Project (1)/Temp/UnityTempFile-b8ebfc4b6e6ec1c43aa517b7b918e48b
2021-05-01 00:41:52: Удалён Файл Z:/Portal Программы/_GitHub/GamePenguin/New Unity Project (1)/Temp/UnityTempFile-c85b1bc1818f00f4bb2e801c43d5141e
2021-05-01 00:41:52: Удалён Файл Z:/Portal Программы/_GitHub/GamePenguin/New Unity Project (1)/Temp/UnityTempFile-cd42c666c77450441bc534d0e74259a4
2021-05-01 00:41:52: Удалён Файл Z:/Portal Программы/_GitHub/GamePenguin/New Unity Project (1)/Temp/UnityTempFile-d7996a0a1050d4947ae5687ba27971d1
2021-05-01 00:41:52: Удалён Файл Z:/Portal Программы/_GitHub/GamePenguin/New Unity Project (1)/Temp/UnityTempFile-e1fbbdc3424efc845868b8bd2b1ef3c7
2021-05-01 00:41:52: Удалён Файл Z:/Portal Программы/_GitHub/GamePenguin/New Unity Project (1)/Temp/UnityTempFile-ea5e57e6efe4c5e4db359ced82ebb5fc
2021-05-01 00:41:52: Удалён Файл Z:/Portal Программы/_GitHub/GamePenguin/New Unity Project (1)/Temp/UnityTempFile-fb894de99e91eb04ea98ed14e0724dcf
2021-05-01 00:41:52: Удалён Файл Z:/Portal Программы/_GitHub/GamePenguin/New Unity Project (1)/Temp/workerlic
2021-05-01 00:41:52: Удалена Папка Z:/Portal Программы/_GitHub/GamePenguin/New Unity Project (1)/Temp
2021-05-01 00:41:52: Скопировано поверх 'C:/Users/Yaroslav/Desktop/Project UE/New Unity Project (1)/Assets/Collor_Material/New Physics Material 2D 1.physicsMaterial2D' -> 'Z:/Portal Программы/_GitHub/GamePenguin/New Unity Project (1)/Assets/Collor_Material/New Physics Material 2D 1.physicsMaterial2D' (272)
2021-05-01 00:41:52: Скопировано поверх 'C:/Users/Yaroslav/Desktop/Project UE/New Unity Project (1)/Assets/Joystick Pack/Examples/JoystickPlayerExample.cs' -> 'Z:/Portal Программы/_GitHub/GamePenguin/New Unity Project (1)/Assets/Joystick Pack/Examples/JoystickPlayerExample.cs' (503)
2021-05-01 00:41:52: Скопировано поверх 'C:/Users/Yaroslav/Desktop/Project UE/New Unity Project (1)/Assets/Joystick Pack/Examples/JoystickSetterExample.cs' -> 'Z:/Portal Программы/_GitHub/GamePenguin/New Unity Project (1)/Assets/Joystick Pack/Examples/JoystickSetterExample.cs' (1,755)
2021-05-01 00:41:52: Скопировано поверх 'C:/Users/Yaroslav/Desktop/Project UE/New Unity Project (1)/Assets/Joystick Pack/Scripts/Base/Joystick.cs' -> 'Z:/Portal Программы/_GitHub/GamePenguin/New Unity Project (1)/Assets/Joystick Pack/Scripts/Base/Joystick.cs' (5,005)
2021-05-01 00:41:52: Скопировано поверх 'C:/Users/Yaroslav/Desktop/Project UE/New Unity Project (1)/Assets/Joystick Pack/Scripts/Editor/DynamicJoystickEditor.cs' -> 'Z:/Portal Программы/_GitHub/GamePenguin/New Unity Project (1)/Assets/Joystick Pack/Scripts/Editor/DynamicJoystickEditor.cs' (1,069)
2021-05-01 00:41:53: Скопировано поверх 'C:/Users/Yaroslav/Desktop/Project UE/New Unity Project (1)/Assets/Joystick Pack/Scripts/Editor/FloatingJoystickEditor.cs' -> 'Z:/Portal Программы/_GitHub/GamePenguin/New Unity Project (1)/Assets/Joystick Pack/Scripts/Editor/FloatingJoystickEditor.cs' (603)
2021-05-01 00:41:53: Скопировано поверх 'C:/Users/Yaroslav/Desktop/Project UE/New Unity Project (1)/Assets/Joystick Pack/Scripts/Editor/JoystickEditor.cs' -> 'Z:/Portal Программы/_GitHub/GamePenguin/New Unity Project (1)/Assets/Joystick Pack/Scripts/Editor/JoystickEditor.cs' (2,628)
2021-05-01 00:41:53: Скопировано поверх 'C:/Users/Yaroslav/Desktop/Project UE/New Unity Project (1)/Assets/Joystick Pack/Scripts/Editor/VariableJoystickEditor.cs' -> 'Z:/Portal Программы/_GitHub/GamePenguin/New Unity Project (1)/Assets/Joystick Pack/Scripts/Editor/VariableJoystickEditor.cs' (1,233)
2021-05-01 00:41:53: Скопировано поверх 'C:/Users/Yaroslav/Desktop/Project UE/New Unity Project (1)/Assets/Joystick Pack/Scripts/Joysticks/DynamicJoystick.cs' -> 'Z:/Portal Программы/_GitHub/GamePenguin/New Unity Project (1)/Assets/Joystick Pack/Scripts/Joysticks/DynamicJoystick.cs' (1,315)
2021-05-01 00:41:53: Скопировано поверх 'C:/Users/Yaroslav/Desktop/Project UE/New Unity Project (1)/Assets/Joystick Pack/Scripts/Joysticks/FixedJoystick.cs' -> 'Z:/Portal Программы/_GitHub/GamePenguin/New Unity Project (1)/Assets/Joystick Pack/Scripts/Joysticks/FixedJoystick.cs' (126)
2021-05-01 00:41:53: Скопировано поверх 'C:/Users/Yaroslav/Desktop/Project UE/New Unity Project (1)/Assets/Joystick Pack/Scripts/Joysticks/FloatingJoystick.cs' -> 'Z:/Portal Программы/_GitHub/GamePenguin/New Unity Project (1)/Assets/Joystick Pack/Scripts/Joysticks/FloatingJoystick.cs' (721)
2021-05-01 00:41:53: Скопировано поверх 'C:/Users/Yaroslav/Desktop/Project UE/New Unity Project (1)/Assets/Joystick Pack/Scripts/Joysticks/VariableJoystick.cs' -> 'Z:/Portal Программы/_GitHub/GamePenguin/New Unity Project (1)/Assets/Joystick Pack/Scripts/Joysticks/VariableJoystick.cs' (2,031)
2021-05-01 00:41:53: Скопировано поверх 'C:/Users/Yaroslav/Desktop/Project UE/New Unity Project (1)/Assets/Scenes/Level 1.unity' -> 'Z:/Portal Программы/_GitHub/GamePenguin/New Unity Project (1)/Assets/Scenes/Level 1.unity' (152,422)
2021-05-01 00:41:53: Скопировано поверх 'C:/Users/Yaroslav/Desktop/Project UE/New Unity Project (1)/Assets/Scripts/Penguin.cs' -> 'Z:/Portal Программы/_GitHub/GamePenguin/New Unity Project (1)/Assets/Scripts/Penguin.cs' (4,122)
2021-05-01 00:41:53: Скопировано поверх 'C:/Users/Yaroslav/Desktop/Project UE/New Unity Project (1)/Library/ArtifactDB' -> 'Z:/Portal Программы/_GitHub/GamePenguin/New Unity Project (1)/Library/ArtifactDB' (33,554,432)
2021-05-01 00:41:53: Скопирован новый 'C:/Users/Yaroslav/Desktop/Project UE/New Unity Project (1)/Library/Artifacts/05/052a2fffac860929d9503cb27d279e62' -> 'Z:/Portal Программы/_GitHub/GamePenguin/New Unity Project (1)/Library/Artifacts/05/052a2fffac860929d9503cb27d279e62' (5,548)
2021-05-01 00:41:53: Скопирован новый 'C:/Users/Yaroslav/Desktop/Project UE/New Unity Project (1)/Library/Artifacts/06/06f915911717b523ffeaf152de859e34' -> 'Z:/Portal Программы/_GitHub/GamePenguin/New Unity Project (1)/Library/Artifacts/06/06f915911717b523ffeaf152de859e34' (4,424)
2021-05-01 00:41:53: Скопирован новый 'C:/Users/Yaroslav/Desktop/Project UE/New Unity Project (1)/Library/Artifacts/22/2211bb5fa7857230f38b025a9c9d0f04' -> 'Z:/Portal Программы/_GitHub/GamePenguin/New Unity Project (1)/Library/Artifacts/22/2211bb5fa7857230f38b025a9c9d0f04' (9,288)
2021-05-01 00:41:53: Скопирован новый 'C:/Users/Yaroslav/Desktop/Project UE/New Unity Project (1)/Library/Artifacts/29/299fcb6b8c3ddc965e6cc4e03b205473' -> 'Z:/Portal Программы/_GitHub/GamePenguin/New Unity Project (1)/Library/Artifacts/29/299fcb6b8c3ddc965e6cc4e03b205473' (6,068)
2021-05-01 00:41:53: Скопирован новый 'C:/Users/Yaroslav/Desktop/Project UE/New Unity Project (1)/Library/Artifacts/45/457f2e7be5cc390a065d5726640281ed' -> 'Z:/Portal Программы/_GitHub/GamePenguin/New Unity Project (1)/Library/Artifacts/45/457f2e7be5cc390a065d5726640281ed' (6,328)
2021-05-01 00:41:53: Скопирован новый 'C:/Users/Yaroslav/Desktop/Project UE/New Unity Project (1)/Library/Artifacts/60/604383a980f4aba6f2e3aa85c5022dbe' -> 'Z:/Portal Программы/_GitHub/GamePenguin/New Unity Project (1)/Library/Artifacts/60/604383a980f4aba6f2e3aa85c5022dbe' (4,245)
2021-05-01 00:41:53: Скопирован новый 'C:/Users/Yaroslav/Desktop/Project UE/New Unity Project (1)/Library/Artifacts/6e/6ee4bb8f09c7695659fcfd3da09629b9' -> 'Z:/Portal Программы/_GitHub/GamePenguin/New Unity Project (1)/Library/Artifacts/6e/6ee4bb8f09c7695659fcfd3da09629b9' (5,384)
2021-05-01 00:41:53: Скопирован новый 'C:/Users/Yaroslav/Desktop/Project UE/New Unity Project (1)/Library/Artifacts/70/70e8fb5585951111343b11260962b5e8' -> 'Z:/Portal Программы/_GitHub/GamePenguin/New Unity Project (1)/Library/Artifacts/70/70e8fb5585951111343b11260962b5e8' (4,916)
2021-05-01 00:41:53: Скопирован новый 'C:/Users/Yaroslav/Desktop/Project UE/New Unity Project (1)/Library/Artifacts/86/86f32eac7486abf7d5c3fde1b08fa7cd' -> 'Z:/Portal Программы/_GitHub/GamePenguin/New Unity Project (1)/Library/Artifacts/86/86f32eac7486abf7d5c3fde1b08fa7cd' (8,408)
2021-05-01 00:41:53: Скопирован новый 'C:/Users/Yaroslav/Desktop/Project UE/New Unity Project (1)/Library/Artifacts/a5/a5f0eecfca33db1fdcb88857527a0c23' -> 'Z:/Portal Программы/_GitHub/GamePenguin/New Unity Project (1)/Library/Artifacts/a5/a5f0eecfca33db1fdcb88857527a0c23' (5,612)
2021-05-01 00:41:53: Скопирован новый 'C:/Users/Yaroslav/Desktop/Project UE/New Unity Project (1)/Library/Artifacts/b9/b96163d9c4a3a703d45ac81edd2f97db' -> 'Z:/Portal Программы/_GitHub/GamePenguin/New Unity Project (1)/Library/Artifacts/b9/b96163d9c4a3a703d45ac81edd2f97db' (4,816)
2021-05-01 00:41:53: Скопирован новый 'C:/Users/Yaroslav/Desktop/Project UE/New Unity Project (1)/Library/Artifacts/e3/e3099903cfadb06665d995148480b51d' -> 'Z:/Portal Программы/_GitHub/GamePenguin/New Unity Project (1)/Library/Artifacts/e3/e3099903cfadb06665d995148480b51d' (5,020)
2021-05-01 00:41:53: Скопирован новый 'C:/Users/Yaroslav/Desktop/Project UE/New Unity Project (1)/Library/Artifacts/fe/fec088283e85cdd1d8a6c5676dd139b0' -> 'Z:/Portal Программы/_GitHub/GamePenguin/New Unity Project (1)/Library/Artifacts/fe/fec088283e85cdd1d8a6c5676dd139b0' (6,928)
2021-05-01 00:41:54: Скопировано поверх 'C:/Users/Yaroslav/Desktop/Project UE/New Unity Project (1)/Library/CurrentLayout-default.dwlt' -> 'Z:/Portal Программы/_GitHub/GamePenguin/New Unity Project (1)/Library/CurrentLayout-default.dwlt' (26,515)
2021-05-01 00:41:54: Скопировано поверх 'C:/Users/Yaroslav/Desktop/Project UE/New Unity Project (1)/Library/EditorOnlyScriptingSettings.json' -> 'Z:/Portal Программы/_GitHub/GamePenguin/New Unity Project (1)/Library/EditorOnlyScriptingSettings.json' (182)
2021-05-01 00:41:54: Скопировано поверх 'C:/Users/Yaroslav/Desktop/Project UE/New Unity Project (1)/Library/EditorSnapSettings.asset' -> 'Z:/Portal Программы/_GitHub/GamePenguin/New Unity Project (1)/Library/EditorSnapSettings.asset' (546)
2021-05-01 00:41:54: Скопировано поверх 'C:/Users/Yaroslav/Desktop/Project UE/New Unity Project (1)/Library/expandedItems' -> 'Z:/Portal Программы/_GitHub/GamePenguin/New Unity Project (1)/Library/expandedItems' (4,200)
2021-05-01 00:41:54: Скопировано поверх 'C:/Users/Yaroslav/Desktop/Project UE/New Unity Project (1)/Library/LastSceneManagerSetup.txt' -> 'Z:/Portal Программы/_GitHub/GamePenguin/New Unity Project (1)/Library/LastSceneManagerSetup.txt' (93)
2021-05-01 00:41:54: Скопировано поверх 'C:/Users/Yaroslav/Desktop/Project UE/New Unity Project (1)/Library/PackageManager/ProjectCache' -> 'Z:/Portal Программы/_GitHub/GamePenguin/New Unity Project (1)/Library/PackageManager/ProjectCache' (94,122)
2021-05-01 00:41:54: Скопировано поверх 'C:/Users/Yaroslav/Desktop/Project UE/New Unity Project (1)/Library/PackageManager/ProjectCache.md5' -> 'Z:/Portal Программы/_GitHub/GamePenguin/New Unity Project (1)/Library/PackageManager/ProjectCache.md5' (32)
2021-05-01 00:41:54: Скопировано поверх 'C:/Users/Yaroslav/Desktop/Project UE/New Unity Project (1)/Library/SceneVisibilityState.asset' -> 'Z:/Portal Программы/_GitHub/GamePenguin/New Unity Project (1)/Library/SceneVisibilityState.asset' (4,904)
2021-05-01 00:41:54: Скопировано поверх 'C:/Users/Yaroslav/Desktop/Project UE/New Unity Project (1)/Library/ScriptAssemblies/Assembly-CSharp-Editor.dll' -> 'Z:/Portal Программы/_GitHub/GamePenguin/New Unity Project (1)/Library/ScriptAssemblies/Assembly-CSharp-Editor.dll' (7,680)
2021-05-01 00:41:54: Скопировано поверх 'C:/Users/Yaroslav/Desktop/Project UE/New Unity Project (1)/Library/ScriptAssemblies/Assembly-CSharp-Editor.pdb' -> 'Z:/Portal Программы/_GitHub/GamePenguin/New Unity Project (1)/Library/ScriptAssemblies/Assembly-CSharp-Editor.pdb' (1,392)
2021-05-01 00:41:54: Скопировано поверх 'C:/Users/Yaroslav/Desktop/Project UE/New Unity Project (1)/Library/ScriptAssemblies/Assembly-CSharp.dll' -> 'Z:/Portal Программы/_GitHub/GamePenguin/New Unity Project (1)/Library/ScriptAssemblies/Assembly-CSharp.dll' (78,848)
2021-05-01 00:41:54: Скопировано поверх 'C:/Users/Yaroslav/Desktop/Project UE/New Unity Project (1)/Library/ScriptAssemblies/Assembly-CSharp.pdb' -> 'Z:/Portal Программы/_GitHub/GamePenguin/New Unity Project (1)/Library/ScriptAssemblies/Assembly-CSharp.pdb' (27,184)
2021-05-01 00:41:54: Скопировано поверх 'C:/Users/Yaroslav/Desktop/Project UE/New Unity Project (1)/Library/ScriptAssemblies/BuiltinAssemblies.stamp' -> 'Z:/Portal Программы/_GitHub/GamePenguin/New Unity Project (1)/Library/ScriptAssemblies/BuiltinAssemblies.stamp' (33)
2021-05-01 00:41:54: Скопировано поверх 'C:/Users/Yaroslav/Desktop/Project UE/New Unity Project (1)/Library/ScriptAssemblies/Cinemachine.dll' -> 'Z:/Portal Программы/_GitHub/GamePenguin/New Unity Project (1)/Library/ScriptAssemblies/Cinemachine.dll' (219,648)
2021-05-01 00:41:54: Скопировано поверх 'C:/Users/Yaroslav/Desktop/Project UE/New Unity Project (1)/Library/ScriptAssemblies/Cinemachine.pdb' -> 'Z:/Portal Программы/_GitHub/GamePenguin/New Unity Project (1)/Library/ScriptAssemblies/Cinemachine.pdb' (80,628)
2021-05-01 00:41:54: Скопировано поверх 'C:/Users/Yaroslav/Desktop/Project UE/New Unity Project (1)/Library/ScriptAssemblies/com.unity.cinemachine.editor.dll' -> 'Z:/Portal Программы/_GitHub/GamePenguin/New Unity Project (1)/Library/ScriptAssemblies/com.unity.cinemachine.editor.dll' (192,000)
2021-05-01 00:41:54: Скопировано поверх 'C:/Users/Yaroslav/Desktop/Project UE/New Unity Project (1)/Library/ScriptAssemblies/com.unity.cinemachine.editor.pdb' -> 'Z:/Portal Программы/_GitHub/GamePenguin/New Unity Project (1)/Library/ScriptAssemblies/com.unity.cinemachine.editor.pdb' (60,304)
2021-05-01 00:41:54: Скопировано поверх 'C:/Users/Yaroslav/Desktop/Project UE/New Unity Project (1)/Library/ScriptAssemblies/PsdPlugin.dll' -> 'Z:/Portal Программы/_GitHub/GamePenguin/New Unity Project (1)/Library/ScriptAssemblies/PsdPlugin.dll' (78,336)
2021-05-01 00:41:54: Скопировано поверх 'C:/Users/Yaroslav/Desktop/Project UE/New Unity Project (1)/Library/ScriptAssemblies/PsdPlugin.pdb' -> 'Z:/Portal Программы/_GitHub/GamePenguin/New Unity Project (1)/Library/ScriptAssemblies/PsdPlugin.pdb' (34,560)
2021-05-01 00:41:54: Скопировано поверх 'C:/Users/Yaroslav/Desktop/Project UE/New Unity Project (1)/Library/ScriptAssemblies/Unity.2D.Animation.Editor.dll' -> 'Z:/Portal Программы/_GitHub/GamePenguin/New Unity Project (1)/Library/ScriptAssemblies/Unity.2D.Animation.Editor.dll' (452,096)
2021-05-01 00:41:54: Скопировано поверх 'C:/Users/Yaroslav/Desktop/Project UE/New Unity Project (1)/Library/ScriptAssemblies/Unity.2D.Animation.Editor.pdb' -> 'Z:/Portal Программы/_GitHub/GamePenguin/New Unity Project (1)/Library/ScriptAssemblies/Unity.2D.Animation.Editor.pdb' (189,044)
2021-05-01 00:41:54: Скопировано поверх 'C:/Users/Yaroslav/Desktop/Project UE/New Unity Project (1)/Library/ScriptAssemblies/Unity.2D.Animation.Runtime.dll' -> 'Z:/Portal Программы/_GitHub/GamePenguin/New Unity Project (1)/Library/ScriptAssemblies/Unity.2D.Animation.Runtime.dll' (35,328)
2021-05-01 00:41:54: Скопировано поверх 'C:/Users/Yaroslav/Desktop/Project UE/New Unity Project (1)/Library/ScriptAssemblies/Unity.2D.Animation.Runtime.pdb' -> 'Z:/Portal Программы/_GitHub/GamePenguin/New Unity Project (1)/Library/ScriptAssemblies/Unity.2D.Animation.Runtime.pdb' (13,440)
2021-05-01 00:41:54: Скопировано поверх 'C:/Users/Yaroslav/Desktop/Project UE/New Unity Project (1)/Library/ScriptAssemblies/Unity.2D.Animation.Triangle.Runtime.dll' -> 'Z:/Portal Программы/_GitHub/GamePenguin/New Unity Project (1)/Library/ScriptAssemblies/Unity.2D.Animation.Triangle.Runtime.dll' (187,392)
2021-05-01 00:41:54: Скопировано поверх 'C:/Users/Yaroslav/Desktop/Project UE/New Unity Project (1)/Library/ScriptAssemblies/Unity.2D.Animation.Triangle.Runtime.pdb' -> 'Z:/Portal Программы/_GitHub/GamePenguin/New Unity Project (1)/Library/ScriptAssemblies/Unity.2D.Animation.Triangle.Runtime.pdb' (98,444)
2021-05-01 00:41:54: Скопировано поверх 'C:/Users/Yaroslav/Desktop/Project UE/New Unity Project (1)/Library/ScriptAssemblies/Unity.2D.Common.Editor.dll' -> 'Z:/Portal Программы/_GitHub/GamePenguin/New Unity Project (1)/Library/ScriptAssemblies/Unity.2D.Common.Editor.dll' (31,232)
2021-05-01 00:41:54: Скопировано поверх 'C:/Users/Yaroslav/Desktop/Project UE/New Unity Project (1)/Library/ScriptAssemblies/Unity.2D.Common.Editor.pdb' -> 'Z:/Portal Программы/_GitHub/GamePenguin/New Unity Project (1)/Library/ScriptAssemblies/Unity.2D.Common.Editor.pdb' (9,624)
2021-05-01 00:41:54: Скопировано поверх 'C:/Users/Yaroslav/Desktop/Project UE/New Unity Project (1)/Library/ScriptAssemblies/Unity.2D.Common.Runtime.dll' -> 'Z:/Portal Программы/_GitHub/GamePenguin/New Unity Project (1)/Library/ScriptAssemblies/Unity.2D.Common.Runtime.dll' (3,072)
2021-05-01 00:41:54: Скопировано поверх 'C:/Users/Yaroslav/Desktop/Project UE/New Unity Project (1)/Library/ScriptAssemblies/Unity.2D.Common.Runtime.pdb' -> 'Z:/Portal Программы/_GitHub/GamePenguin/New Unity Project (1)/Library/ScriptAssemblies/Unity.2D.Common.Runtime.pdb' (452)
2021-05-01 00:41:54: Скопировано поверх 'C:/Users/Yaroslav/Desktop/Project UE/New Unity Project (1)/Library/ScriptAssemblies/Unity.2D.IK.Editor.dll' -> 'Z:/Portal Программы/_GitHub/GamePenguin/New Unity Project (1)/Library/ScriptAssemblies/Unity.2D.IK.Editor.dll' (30,208)
2021-05-01 00:41:54: Скопировано поверх 'C:/Users/Yaroslav/Desktop/Project UE/New Unity Project (1)/Library/ScriptAssemblies/Unity.2D.IK.Editor.pdb' -> 'Z:/Portal Программы/_GitHub/GamePenguin/New Unity Project (1)/Library/ScriptAssemblies/Unity.2D.IK.Editor.pdb' (9,076)
2021-05-01 00:41:54: Скопировано поверх 'C:/Users/Yaroslav/Desktop/Project UE/New Unity Project (1)/Library/ScriptAssemblies/Unity.2D.IK.Runtime.dll' -> 'Z:/Portal Программы/_GitHub/GamePenguin/New Unity Project (1)/Library/ScriptAssemblies/Unity.2D.IK.Runtime.dll' (18,944)
2021-05-01 00:41:54: Скопировано поверх 'C:/Users/Yaroslav/Desktop/Project UE/New Unity Project (1)/Library/ScriptAssemblies/Unity.2D.IK.Runtime.pdb' -> 'Z:/Portal Программы/_GitHub/GamePenguin/New Unity Project (1)/Library/ScriptAssemblies/Unity.2D.IK.Runtime.pdb' (8,888)
2021-05-01 00:41:54: Скопировано поверх 'C:/Users/Yaroslav/Desktop/Project UE/New Unity Project (1)/Library/ScriptAssemblies/Unity.2D.Path.Editor.dll' -> 'Z:/Portal Программы/_GitHub/GamePenguin/New Unity Project (1)/Library/ScriptAssemblies/Unity.2D.Path.Editor.dll' (70,656)
2021-05-01 00:41:54: Скопировано поверх 'C:/Users/Yaroslav/Desktop/Project UE/New Unity Project (1)/Library/ScriptAssemblies/Unity.2D.Path.Editor.pdb' -> 'Z:/Portal Программы/_GitHub/GamePenguin/New Unity Project (1)/Library/ScriptAssemblies/Unity.2D.Path.Editor.pdb' (32,140)
2021-05-01 00:41:54: Скопировано поверх 'C:/Users/Yaroslav/Desktop/Project UE/New Unity Project (1)/Library/ScriptAssemblies/Unity.2D.PixelPerfect.dll' -> 'Z:/Portal Программы/_GitHub/GamePenguin/New Unity Project (1)/Library/ScriptAssemblies/Unity.2D.PixelPerfect.dll' (12,800)
2021-05-01 00:41:54: Скопировано поверх 'C:/Users/Yaroslav/Desktop/Project UE/New Unity Project (1)/Library/ScriptAssemblies/Unity.2D.PixelPerfect.Editor.dll' -> 'Z:/Portal Программы/_GitHub/GamePenguin/New Unity Project (1)/Library/ScriptAssemblies/Unity.2D.PixelPerfect.Editor.dll' (14,336)
2021-05-01 00:41:54: Скопировано поверх 'C:/Users/Yaroslav/Desktop/Project UE/New Unity Project (1)/Library/ScriptAssemblies/Unity.2D.PixelPerfect.Editor.pdb' -> 'Z:/Portal Программы/_GitHub/GamePenguin/New Unity Project (1)/Library/ScriptAssemblies/Unity.2D.PixelPerfect.Editor.pdb' (2,268)
2021-05-01 00:41:54: Скопировано поверх 'C:/Users/Yaroslav/Desktop/Project UE/New Unity Project (1)/Library/ScriptAssemblies/Unity.2D.PixelPerfect.pdb' -> 'Z:/Portal Программы/_GitHub/GamePenguin/New Unity Project (1)/Library/ScriptAssemblies/Unity.2D.PixelPerfect.pdb' (3,236)
2021-05-01 00:41:54: Скопировано поверх 'C:/Users/Yaroslav/Desktop/Project UE/New Unity Project (1)/Library/ScriptAssemblies/Unity.2D.Psdimporter.Editor.dll' -> 'Z:/Portal Программы/_GitHub/GamePenguin/New Unity Project (1)/Library/ScriptAssemblies/Unity.2D.Psdimporter.Editor.dll' (94,208)
2021-05-01 00:41:54: Скопировано поверх 'C:/Users/Yaroslav/Desktop/Project UE/New Unity Project (1)/Library/ScriptAssemblies/Unity.2D.Psdimporter.Editor.pdb' -> 'Z:/Portal Программы/_GitHub/GamePenguin/New Unity Project (1)/Library/ScriptAssemblies/Unity.2D.Psdimporter.Editor.pdb' (25,804)
2021-05-01 00:41:54: Скопировано поверх 'C:/Users/Yaroslav/Desktop/Project UE/New Unity Project (1)/Library/ScriptAssemblies/Unity.2D.Sprite.Editor.dll' -> 'Z:/Portal Программы/_GitHub/GamePenguin/New Unity Project (1)/Library/ScriptAssemblies/Unity.2D.Sprite.Editor.dll' (159,744)
2021-05-01 00:41:54: Скопировано поверх 'C:/Users/Yaroslav/Desktop/Project UE/New Unity Project (1)/Library/ScriptAssemblies/Unity.2D.Sprite.Editor.pdb' -> 'Z:/Portal Программы/_GitHub/GamePenguin/New Unity Project (1)/Library/ScriptAssemblies/Unity.2D.Sprite.Editor.pdb' (57,936)
2021-05-01 00:41:54: Скопировано поверх 'C:/Users/Yaroslav/Desktop/Project UE/New Unity Project (1)/Library/ScriptAssemblies/Unity.2D.SpriteShape.Editor.dll' -> 'Z:/Portal Программы/_GitHub/GamePenguin/New Unity Project (1)/Library/ScriptAssemblies/Unity.2D.SpriteShape.Editor.dll' (81,920)
2021-05-01 00:41:54: Скопировано поверх 'C:/Users/Yaroslav/Desktop/Project UE/New Unity Project (1)/Library/ScriptAssemblies/Unity.2D.SpriteShape.Editor.pdb' -> 'Z:/Portal Программы/_GitHub/GamePenguin/New Unity Project (1)/Library/ScriptAssemblies/Unity.2D.SpriteShape.Editor.pdb' (26,404)
2021-05-01 00:41:54: Скопировано поверх 'C:/Users/Yaroslav/Desktop/Project UE/New Unity Project (1)/Library/ScriptAssemblies/Unity.2D.SpriteShape.Runtime.dll' -> 'Z:/Portal Программы/_GitHub/GamePenguin/New Unity Project (1)/Library/ScriptAssemblies/Unity.2D.SpriteShape.Runtime.dll' (110,080)
2021-05-01 00:41:54: Скопировано поверх 'C:/Users/Yaroslav/Desktop/Project UE/New Unity Project (1)/Library/ScriptAssemblies/Unity.2D.SpriteShape.Runtime.pdb' -> 'Z:/Portal Программы/_GitHub/GamePenguin/New Unity Project (1)/Library/ScriptAssemblies/Unity.2D.SpriteShape.Runtime.pdb' (49,644)
2021-05-01 00:41:54: Скопировано поверх 'C:/Users/Yaroslav/Desktop/Project UE/New Unity Project (1)/Library/ScriptAssemblies/Unity.2D.Tilemap.Editor.dll' -> 'Z:/Portal Программы/_GitHub/GamePenguin/New Unity Project (1)/Library/ScriptAssemblies/Unity.2D.Tilemap.Editor.dll' (150,528)
2021-05-01 00:41:54: Скопировано поверх 'C:/Users/Yaroslav/Desktop/Project UE/New Unity Project (1)/Library/ScriptAssemblies/Unity.2D.Tilemap.Editor.pdb' -> 'Z:/Portal Программы/_GitHub/GamePenguin/New Unity Project (1)/Library/ScriptAssemblies/Unity.2D.Tilemap.Editor.pdb' (53,296)
2021-05-01 00:41:54: Скопировано поверх 'C:/Users/Yaroslav/Desktop/Project UE/New Unity Project (1)/Library/ScriptAssemblies/Unity.CollabProxy.Editor.dll' -> 'Z:/Portal Программы/_GitHub/GamePenguin/New Unity Project (1)/Library/ScriptAssemblies/Unity.CollabProxy.Editor.dll' (155,136)
2021-05-01 00:41:54: Скопировано поверх 'C:/Users/Yaroslav/Desktop/Project UE/New Unity Project (1)/Library/ScriptAssemblies/Unity.CollabProxy.Editor.pdb' -> 'Z:/Portal Программы/_GitHub/GamePenguin/New Unity Project (1)/Library/ScriptAssemblies/Unity.CollabProxy.Editor.pdb' (42,912)
2021-05-01 00:41:54: Скопировано поверх 'C:/Users/Yaroslav/Desktop/Project UE/New Unity Project (1)/Library/ScriptAssemblies/Unity.InternalAPIEditorBridge.001.dll' -> 'Z:/Portal Программы/_GitHub/GamePenguin/New Unity Project (1)/Library/ScriptAssemblies/Unity.InternalAPIEditorBridge.001.dll' (10,240)
2021-05-01 00:41:54: Скопировано поверх 'C:/Users/Yaroslav/Desktop/Project UE/New Unity Project (1)/Library/ScriptAssemblies/Unity.InternalAPIEditorBridge.001.pdb' -> 'Z:/Portal Программы/_GitHub/GamePenguin/New Unity Project (1)/Library/ScriptAssemblies/Unity.InternalAPIEditorBridge.001.pdb' (2,788)
2021-05-01 00:41:54: Скопировано поверх 'C:/Users/Yaroslav/Desktop/Project UE/New Unity Project (1)/Library/ScriptAssemblies/Unity.InternalAPIEngineBridge.001.dll' -> 'Z:/Portal Программы/_GitHub/GamePenguin/New Unity Project (1)/Library/ScriptAssemblies/Unity.InternalAPIEngineBridge.001.dll' (5,120)
2021-05-01 00:41:54: Скопировано поверх 'C:/Users/Yaroslav/Desktop/Project UE/New Unity Project (1)/Library/ScriptAssemblies/Unity.InternalAPIEngineBridge.001.pdb' -> 'Z:/Portal Программы/_GitHub/GamePenguin/New Unity Project (1)/Library/ScriptAssemblies/Unity.InternalAPIEngineBridge.001.pdb' (924)
2021-05-01 00:41:54: Скопировано поверх 'C:/Users/Yaroslav/Desktop/Project UE/New Unity Project (1)/Library/ScriptAssemblies/Unity.Mathematics.dll' -> 'Z:/Portal Программы/_GitHub/GamePenguin/New Unity Project (1)/Library/ScriptAssemblies/Unity.Mathematics.dll' (718,336)
2021-05-01 00:41:54: Скопировано поверх 'C:/Users/Yaroslav/Desktop/Project UE/New Unity Project (1)/Library/ScriptAssemblies/Unity.Mathematics.Editor.dll' -> 'Z:/Portal Программы/_GitHub/GamePenguin/New Unity Project (1)/Library/ScriptAssemblies/Unity.Mathematics.Editor.dll' (21,504)
2021-05-01 00:41:54: Скопировано поверх 'C:/Users/Yaroslav/Desktop/Project UE/New Unity Project (1)/Library/ScriptAssemblies/Unity.Mathematics.Editor.pdb' -> 'Z:/Portal Программы/_GitHub/GamePenguin/New Unity Project (1)/Library/ScriptAssemblies/Unity.Mathematics.Editor.pdb' (3,632)
2021-05-01 00:41:54: Скопировано поверх 'C:/Users/Yaroslav/Desktop/Project UE/New Unity Project (1)/Library/ScriptAssemblies/Unity.Mathematics.pdb' -> 'Z:/Portal Программы/_GitHub/GamePenguin/New Unity Project (1)/Library/ScriptAssemblies/Unity.Mathematics.pdb' (305,052)
2021-05-01 00:41:54: Скопировано поверх 'C:/Users/Yaroslav/Desktop/Project UE/New Unity Project (1)/Library/ScriptAssemblies/Unity.Rider.Editor.dll' -> 'Z:/Portal Программы/_GitHub/GamePenguin/New Unity Project (1)/Library/ScriptAssemblies/Unity.Rider.Editor.dll' (72,704)
2021-05-01 00:41:54: Скопировано поверх 'C:/Users/Yaroslav/Desktop/Project UE/New Unity Project (1)/Library/ScriptAssemblies/Unity.Rider.Editor.pdb' -> 'Z:/Portal Программы/_GitHub/GamePenguin/New Unity Project (1)/Library/ScriptAssemblies/Unity.Rider.Editor.pdb' (20,928)
2021-05-01 00:41:54: Скопировано поверх 'C:/Users/Yaroslav/Desktop/Project UE/New Unity Project (1)/Library/ScriptAssemblies/Unity.TextMeshPro.dll' -> 'Z:/Portal Программы/_GitHub/GamePenguin/New Unity Project (1)/Library/ScriptAssemblies/Unity.TextMeshPro.dll' (388,608)
2021-05-01 00:41:54: Скопировано поверх 'C:/Users/Yaroslav/Desktop/Project UE/New Unity Project (1)/Library/ScriptAssemblies/Unity.TextMeshPro.Editor.dll' -> 'Z:/Portal Программы/_GitHub/GamePenguin/New Unity Project (1)/Library/ScriptAssemblies/Unity.TextMeshPro.Editor.dll' (225,280)
2021-05-01 00:41:54: Скопировано поверх 'C:/Users/Yaroslav/Desktop/Project UE/New Unity Project (1)/Library/ScriptAssemblies/Unity.TextMeshPro.Editor.pdb' -> 'Z:/Portal Программы/_GitHub/GamePenguin/New Unity Project (1)/Library/ScriptAssemblies/Unity.TextMeshPro.Editor.pdb' (64,708)
2021-05-01 00:41:54: Скопировано поверх 'C:/Users/Yaroslav/Desktop/Project UE/New Unity Project (1)/Library/ScriptAssemblies/Unity.TextMeshPro.pdb' -> 'Z:/Portal Программы/_GitHub/GamePenguin/New Unity Project (1)/Library/ScriptAssemblies/Unity.TextMeshPro.pdb' (156,768)
2021-05-01 00:41:54: Скопировано поверх 'C:/Users/Yaroslav/Desktop/Project UE/New Unity Project (1)/Library/ScriptAssemblies/Unity.Timeline.dll' -> 'Z:/Portal Программы/_GitHub/GamePenguin/New Unity Project (1)/Library/ScriptAssemblies/Unity.Timeline.dll' (128,000)
2021-05-01 00:41:54: Скопировано поверх 'C:/Users/Yaroslav/Desktop/Project UE/New Unity Project (1)/Library/ScriptAssemblies/Unity.Timeline.Editor.dll' -> 'Z:/Portal Программы/_GitHub/GamePenguin/New Unity Project (1)/Library/ScriptAssemblies/Unity.Timeline.Editor.dll' (658,944)
2021-05-01 00:41:54: Скопировано поверх 'C:/Users/Yaroslav/Desktop/Project UE/New Unity Project (1)/Library/ScriptAssemblies/Unity.Timeline.Editor.pdb' -> 'Z:/Portal Программы/_GitHub/GamePenguin/New Unity Project (1)/Library/ScriptAssemblies/Unity.Timeline.Editor.pdb' (264,892)
2021-05-01 00:41:55: Скопировано поверх 'C:/Users/Yaroslav/Desktop/Project UE/New Unity Project (1)/Library/ScriptAssemblies/Unity.Timeline.pdb' -> 'Z:/Portal Программы/_GitHub/GamePenguin/New Unity Project (1)/Library/ScriptAssemblies/Unity.Timeline.pdb' (52,404)
2021-05-01 00:41:55: Скопировано поверх 'C:/Users/Yaroslav/Desktop/Project UE/New Unity Project (1)/Library/ScriptAssemblies/Unity.VisualStudio.Editor.dll' -> 'Z:/Portal Программы/_GitHub/GamePenguin/New Unity Project (1)/Library/ScriptAssemblies/Unity.VisualStudio.Editor.dll' (78,848)
2021-05-01 00:41:55: Скопировано поверх 'C:/Users/Yaroslav/Desktop/Project UE/New Unity Project (1)/Library/ScriptAssemblies/Unity.VisualStudio.Editor.pdb' -> 'Z:/Portal Программы/_GitHub/GamePenguin/New Unity Project (1)/Library/ScriptAssemblies/Unity.VisualStudio.Editor.pdb' (22,808)
2021-05-01 00:41:55: Скопировано поверх 'C:/Users/Yaroslav/Desktop/Project UE/New Unity Project (1)/Library/ScriptAssemblies/Unity.VSCode.Editor.dll' -> 'Z:/Portal Программы/_GitHub/GamePenguin/New Unity Project (1)/Library/ScriptAssemblies/Unity.VSCode.Editor.dll' (43,520)
2021-05-01 00:41:55: Скопировано поверх 'C:/Users/Yaroslav/Desktop/Project UE/New Unity Project (1)/Library/ScriptAssemblies/Unity.VSCode.Editor.pdb' -> 'Z:/Portal Программы/_GitHub/GamePenguin/New Unity Project (1)/Library/ScriptAssemblies/Unity.VSCode.Editor.pdb' (8,812)
2021-05-01 00:41:55: Скопировано поверх 'C:/Users/Yaroslav/Desktop/Project UE/New Unity Project (1)/Library/ScriptAssemblies/UnityEditor.TestRunner.dll' -> 'Z:/Portal Программы/_GitHub/GamePenguin/New Unity Project (1)/Library/ScriptAssemblies/UnityEditor.TestRunner.dll' (186,880)
2021-05-01 00:41:55: Скопировано поверх 'C:/Users/Yaroslav/Desktop/Project UE/New Unity Project (1)/Library/ScriptAssemblies/UnityEditor.TestRunner.pdb' -> 'Z:/Portal Программы/_GitHub/GamePenguin/New Unity Project (1)/Library/ScriptAssemblies/UnityEditor.TestRunner.pdb' (69,464)
2021-05-01 00:41:55: Скопировано поверх 'C:/Users/Yaroslav/Desktop/Project UE/New Unity Project (1)/Library/ScriptAssemblies/UnityEditor.UI.dll' -> 'Z:/Portal Программы/_GitHub/GamePenguin/New Unity Project (1)/Library/ScriptAssemblies/UnityEditor.UI.dll' (84,480)
2021-05-01 00:41:55: Скопировано поверх 'C:/Users/Yaroslav/Desktop/Project UE/New Unity Project (1)/Library/ScriptAssemblies/UnityEditor.UI.pdb' -> 'Z:/Portal Программы/_GitHub/GamePenguin/New Unity Project (1)/Library/ScriptAssemblies/UnityEditor.UI.pdb' (25,224)
2021-05-01 00:41:55: Скопировано поверх 'C:/Users/Yaroslav/Desktop/Project UE/New Unity Project (1)/Library/ScriptAssemblies/UnityEngine.TestRunner.dll' -> 'Z:/Portal Программы/_GitHub/GamePenguin/New Unity Project (1)/Library/ScriptAssemblies/UnityEngine.TestRunner.dll' (106,496)
2021-05-01 00:41:55: Скопировано поверх 'C:/Users/Yaroslav/Desktop/Project UE/New Unity Project (1)/Library/ScriptAssemblies/UnityEngine.TestRunner.pdb' -> 'Z:/Portal Программы/_GitHub/GamePenguin/New Unity Project (1)/Library/ScriptAssemblies/UnityEngine.TestRunner.pdb' (40,888)
2021-05-01 00:41:55: Скопировано поверх 'C:/Users/Yaroslav/Desktop/Project UE/New Unity Project (1)/Library/ScriptAssemblies/UnityEngine.UI.dll' -> 'Z:/Portal Программы/_GitHub/GamePenguin/New Unity Project (1)/Library/ScriptAssemblies/UnityEngine.UI.dll' (233,984)
2021-05-01 00:41:55: Скопировано поверх 'C:/Users/Yaroslav/Desktop/Project UE/New Unity Project (1)/Library/ScriptAssemblies/UnityEngine.UI.pdb' -> 'Z:/Portal Программы/_GitHub/GamePenguin/New Unity Project (1)/Library/ScriptAssemblies/UnityEngine.UI.pdb' (104,676)
2021-05-01 00:41:55: Скопировано поверх 'C:/Users/Yaroslav/Desktop/Project UE/New Unity Project (1)/Library/ScriptMapper' -> 'Z:/Portal Программы/_GitHub/GamePenguin/New Unity Project (1)/Library/ScriptMapper' (14,309)
2021-05-01 00:41:55: Скопировано поверх 'C:/Users/Yaroslav/Desktop/Project UE/New Unity Project (1)/Library/ShaderCache/EditorEncounteredVariants' -> 'Z:/Portal Программы/_GitHub/GamePenguin/New Unity Project (1)/Library/ShaderCache/EditorEncounteredVariants' (15,308)
2021-05-01 00:41:55: Скопировано поверх 'C:/Users/Yaroslav/Desktop/Project UE/New Unity Project (1)/Library/SourceAssetDB' -> 'Z:/Portal Программы/_GitHub/GamePenguin/New Unity Project (1)/Library/SourceAssetDB' (4,194,304)
2021-05-01 00:41:55: Скопировано поверх 'C:/Users/Yaroslav/Desktop/Project UE/New Unity Project (1)/Library/SpriteAtlasDatabase.asset' -> 'Z:/Portal Программы/_GitHub/GamePenguin/New Unity Project (1)/Library/SpriteAtlasDatabase.asset' (4,116)
2021-05-01 00:41:55: Скопировано поверх 'C:/Users/Yaroslav/Desktop/Project UE/New Unity Project (1)/Library/StateCache/LayerSettings/9e/9ecc5c3c162a7aba29bafa64c8b94b7c.json' -> 'Z:/Portal Программы/_GitHub/GamePenguin/New Unity Project (1)/Library/StateCache/LayerSettings/9e/9ecc5c3c162a7aba29bafa64c8b94b7c.json' (50)
2021-05-01 00:41:55: Скопировано поверх 'C:/Users/Yaroslav/Desktop/Project UE/New Unity Project (1)/Library/StateCache/MainStageHierarchy/4d/4d2a36d9faf65734f0bbefb3ee623532.json' -> 'Z:/Portal Программы/_GitHub/GamePenguin/New Unity Project (1)/Library/StateCache/MainStageHierarchy/4d/4d2a36d9faf65734f0bbefb3ee623532.json' (112)
2021-05-01 00:41:55: Скопировано поверх 'C:/Users/Yaroslav/Desktop/Project UE/New Unity Project (1)/Library/StateCache/SceneView/8c/8cd7c613bf844de3b80696e27a479d5e.json' -> 'Z:/Portal Программы/_GitHub/GamePenguin/New Unity Project (1)/Library/StateCache/SceneView/8c/8cd7c613bf844de3b80696e27a479d5e.json' (491)
2021-05-01 00:41:55: Скопировано поверх 'C:/Users/Yaroslav/Desktop/Project UE/New Unity Project (1)/Library/Style.catalog' -> 'Z:/Portal Программы/_GitHub/GamePenguin/New Unity Project (1)/Library/Style.catalog' (222,840)
2021-05-01 00:41:55: Скопировано поверх 'C:/Users/Yaroslav/Desktop/Project UE/New Unity Project (1)/Logs/AssetImportWorker0-prev.log' -> 'Z:/Portal Программы/_GitHub/GamePenguin/New Unity Project (1)/Logs/AssetImportWorker0-prev.log' (58,799)
2021-05-01 00:41:55: Скопировано поверх 'C:/Users/Yaroslav/Desktop/Project UE/New Unity Project (1)/Logs/AssetImportWorker0.log' -> 'Z:/Portal Программы/_GitHub/GamePenguin/New Unity Project (1)/Logs/AssetImportWorker0.log' (5,607)
2021-05-01 00:41:55: Скопировано поверх 'C:/Users/Yaroslav/Desktop/Project UE/New Unity Project (1)/Logs/shadercompiler-AssetImportWorker0.log' -> 'Z:/Portal Программы/_GitHub/GamePenguin/New Unity Project (1)/Logs/shadercompiler-AssetImportWorker0.log' (327)
2021-05-01 00:41:55: Скопировано поверх 'C:/Users/Yaroslav/Desktop/Project UE/New Unity Project (1)/Logs/shadercompiler-UnityShaderCompiler.exe0.log' -> 'Z:/Portal Программы/_GitHub/GamePenguin/New Unity Project (1)/Logs/shadercompiler-UnityShaderCompiler.exe0.log' (202)
2021-05-01 00:41:55: Скопировано поверх 'C:/Users/Yaroslav/Desktop/Project UE/New Unity Project (1)/obj/Debug/Assembly-CSharp-Editor.csprojAssemblyReference.cache' -> 'Z:/Portal Программы/_GitHub/GamePenguin/New Unity Project (1)/obj/Debug/Assembly-CSharp-Editor.csprojAssemblyReference.cache' (282,966)
2021-05-01 00:41:55: Скопировано поверх 'C:/Users/Yaroslav/Desktop/Project UE/New Unity Project (1)/obj/Debug/Assembly-CSharp.csprojAssemblyReference.cache' -> 'Z:/Portal Программы/_GitHub/GamePenguin/New Unity Project (1)/obj/Debug/Assembly-CSharp.csprojAssemblyReference.cache' (1,690,025)
2021-05-01 00:41:55: Скопировано поверх 'C:/Users/Yaroslav/Desktop/Project UE/New Unity Project (1)/ProjectSettings/ProjectVersion.txt' -> 'Z:/Portal Программы/_GitHub/GamePenguin/New Unity Project (1)/ProjectSettings/ProjectVersion.txt' (83)
2021-05-01 00:41:56: ===== Синхронизация завершена. Время 00:00:04, Скорость: 18.21 MB/s файлов/сек =====, Синхронизировано: 166, Ошибок: 0
