2021-05-02 01:30:56: == Sync Started by User Command
2021-05-02 01:30:56: Удалён Файл Z:/Portal Программы/_GitHub/GamePenguin/New Unity Project (1)/Library/Artifacts/0e/0e658898fedd2e6e511a413a5f705397
2021-05-02 01:30:56: Удалён Файл Z:/Portal Программы/_GitHub/GamePenguin/New Unity Project (1)/Library/Artifacts/1c/1c7f4d2b0bb1d1278ee95c5343fec7b8
2021-05-02 01:30:56: Удалён Файл Z:/Portal Программы/_GitHub/GamePenguin/New Unity Project (1)/Library/Artifacts/20/200de4893a67a62a68aeeac15194adc3
2021-05-02 01:30:56: Удалён Файл Z:/Portal Программы/_GitHub/GamePenguin/New Unity Project (1)/Library/Artifacts/32/32b6e0af4500f0df391b459dd9363f92
2021-05-02 01:30:56: Удалён Файл Z:/Portal Программы/_GitHub/GamePenguin/New Unity Project (1)/Library/Artifacts/84/840f766bc579da3f824bae4264ceda40
2021-05-02 01:30:56: Удалён Файл Z:/Portal Программы/_GitHub/GamePenguin/New Unity Project (1)/Library/Artifacts/97/973e9bcb06e02f38590bdca43a546d7e
2021-05-02 01:30:56: Удалён Файл Z:/Portal Программы/_GitHub/GamePenguin/New Unity Project (1)/Library/Artifacts/98/9810be3fb47ef55e74b24e86fbb6b4b2
2021-05-02 01:30:56: Удалён Файл Z:/Portal Программы/_GitHub/GamePenguin/New Unity Project (1)/Library/Artifacts/9b/9b0e4dc103ffdaaceb0ec91573a7332e
2021-05-02 01:30:56: Удалён Файл Z:/Portal Программы/_GitHub/GamePenguin/New Unity Project (1)/Library/Artifacts/a9/a99d433caf40085a0262b848e2858be0
2021-05-02 01:30:56: Удалён Файл Z:/Portal Программы/_GitHub/GamePenguin/New Unity Project (1)/Library/Artifacts/c1/c1dc3d3fbc6858dd5ea5ccf07a9f2df3
2021-05-02 01:30:56: Удалён Файл Z:/Portal Программы/_GitHub/GamePenguin/New Unity Project (1)/Library/Artifacts/ca/ca6032299594a7ef6c1aa99a192de5ae
2021-05-02 01:30:56: Скопировано поверх 'C:/Users/Yaroslav/Desktop/Project UE/New Unity Project (1)/Assets/Animation/AFK_0.controller' -> 'Z:/Portal Программы/_GitHub/GamePenguin/New Unity Project (1)/Assets/Animation/AFK_0.controller' (39,650)
2021-05-02 01:30:56: Скопировано поверх 'C:/Users/Yaroslav/Desktop/Project UE/New Unity Project (1)/Assets/Scenes/Level 0.unity' -> 'Z:/Portal Программы/_GitHub/GamePenguin/New Unity Project (1)/Assets/Scenes/Level 0.unity' (126,207)
2021-05-02 01:30:56: Скопировано поверх 'C:/Users/Yaroslav/Desktop/Project UE/New Unity Project (1)/Assets/Scripts/Penguin.cs' -> 'Z:/Portal Программы/_GitHub/GamePenguin/New Unity Project (1)/Assets/Scripts/Penguin.cs' (3,850)
2021-05-02 01:30:57: Скопировано поверх 'C:/Users/Yaroslav/Desktop/Project UE/New Unity Project (1)/Library/ArtifactDB' -> 'Z:/Portal Программы/_GitHub/GamePenguin/New Unity Project (1)/Library/ArtifactDB' (33,554,432)
2021-05-02 01:30:57: Скопирован новый 'C:/Users/Yaroslav/Desktop/Project UE/New Unity Project (1)/Library/Artifacts/0f/0f86442cf8773d9b9761418d17477f44' -> 'Z:/Portal Программы/_GitHub/GamePenguin/New Unity Project (1)/Library/Artifacts/0f/0f86442cf8773d9b9761418d17477f44' (8,480)
2021-05-02 01:30:57: Скопирован новый 'C:/Users/Yaroslav/Desktop/Project UE/New Unity Project (1)/Library/Artifacts/14/142e5088b18a9a72d9895276ac4cc248' -> 'Z:/Portal Программы/_GitHub/GamePenguin/New Unity Project (1)/Library/Artifacts/14/142e5088b18a9a72d9895276ac4cc248' (8,656)
2021-05-02 01:30:57: Скопирован новый 'C:/Users/Yaroslav/Desktop/Project UE/New Unity Project (1)/Library/Artifacts/16/16b242e88e15d451010a95e68985ebe4' -> 'Z:/Portal Программы/_GitHub/GamePenguin/New Unity Project (1)/Library/Artifacts/16/16b242e88e15d451010a95e68985ebe4' (8,468)
2021-05-02 01:30:57: Скопирован новый 'C:/Users/Yaroslav/Desktop/Project UE/New Unity Project (1)/Library/Artifacts/17/1752ea264d21a913d0c620df3f235573' -> 'Z:/Portal Программы/_GitHub/GamePenguin/New Unity Project (1)/Library/Artifacts/17/1752ea264d21a913d0c620df3f235573' (8,372)
2021-05-02 01:30:57: Скопирован новый 'C:/Users/Yaroslav/Desktop/Project UE/New Unity Project (1)/Library/Artifacts/1f/1fd0f1f3ca6a97b94db72e26b58c0580' -> 'Z:/Portal Программы/_GitHub/GamePenguin/New Unity Project (1)/Library/Artifacts/1f/1fd0f1f3ca6a97b94db72e26b58c0580' (8,372)
2021-05-02 01:30:57: Скопирован новый 'C:/Users/Yaroslav/Desktop/Project UE/New Unity Project (1)/Library/Artifacts/20/20c5df3fd1e082036b41dd07bf9cf08f' -> 'Z:/Portal Программы/_GitHub/GamePenguin/New Unity Project (1)/Library/Artifacts/20/20c5df3fd1e082036b41dd07bf9cf08f' (8,600)
2021-05-02 01:30:57: Скопирован новый 'C:/Users/Yaroslav/Desktop/Project UE/New Unity Project (1)/Library/Artifacts/24/24af28062532a8fd7f15398293f77690' -> 'Z:/Portal Программы/_GitHub/GamePenguin/New Unity Project (1)/Library/Artifacts/24/24af28062532a8fd7f15398293f77690' (8,568)
2021-05-02 01:30:57: Скопирован новый 'C:/Users/Yaroslav/Desktop/Project UE/New Unity Project (1)/Library/Artifacts/2c/2c51d20f64adbff168a626705074ec93' -> 'Z:/Portal Программы/_GitHub/GamePenguin/New Unity Project (1)/Library/Artifacts/2c/2c51d20f64adbff168a626705074ec93' (4,221)
2021-05-02 01:30:57: Скопирован новый 'C:/Users/Yaroslav/Desktop/Project UE/New Unity Project (1)/Library/Artifacts/39/39d0dee5a7d1976906997a84b56e58c1' -> 'Z:/Portal Программы/_GitHub/GamePenguin/New Unity Project (1)/Library/Artifacts/39/39d0dee5a7d1976906997a84b56e58c1' (8,484)
2021-05-02 01:30:57: Скопирован новый 'C:/Users/Yaroslav/Desktop/Project UE/New Unity Project (1)/Library/Artifacts/42/426fa11d211f35eb35a6bcf4c225235e' -> 'Z:/Portal Программы/_GitHub/GamePenguin/New Unity Project (1)/Library/Artifacts/42/426fa11d211f35eb35a6bcf4c225235e' (4,225)
2021-05-02 01:30:57: Скопирован новый 'C:/Users/Yaroslav/Desktop/Project UE/New Unity Project (1)/Library/Artifacts/47/473042b24a91ca475d2d0df85b53fecf' -> 'Z:/Portal Программы/_GitHub/GamePenguin/New Unity Project (1)/Library/Artifacts/47/473042b24a91ca475d2d0df85b53fecf' (8,660)
2021-05-02 01:30:57: Скопирован новый 'C:/Users/Yaroslav/Desktop/Project UE/New Unity Project (1)/Library/Artifacts/49/4917a4cc59ea34d329c8a381fa88eb72' -> 'Z:/Portal Программы/_GitHub/GamePenguin/New Unity Project (1)/Library/Artifacts/49/4917a4cc59ea34d329c8a381fa88eb72' (8,536)
2021-05-02 01:30:57: Скопирован новый 'C:/Users/Yaroslav/Desktop/Project UE/New Unity Project (1)/Library/Artifacts/50/50ea43cdf6fc2de0ab7df8f16a4c5c1b' -> 'Z:/Portal Программы/_GitHub/GamePenguin/New Unity Project (1)/Library/Artifacts/50/50ea43cdf6fc2de0ab7df8f16a4c5c1b' (8,648)
2021-05-02 01:30:57: Скопирован новый 'C:/Users/Yaroslav/Desktop/Project UE/New Unity Project (1)/Library/Artifacts/59/5942cf2841a04caf4942d07d2e9c2569' -> 'Z:/Portal Программы/_GitHub/GamePenguin/New Unity Project (1)/Library/Artifacts/59/5942cf2841a04caf4942d07d2e9c2569' (8,368)
2021-05-02 01:30:57: Скопирован новый 'C:/Users/Yaroslav/Desktop/Project UE/New Unity Project (1)/Library/Artifacts/59/5989944c3bfabc6a4c0d5d52185e0679' -> 'Z:/Portal Программы/_GitHub/GamePenguin/New Unity Project (1)/Library/Artifacts/59/5989944c3bfabc6a4c0d5d52185e0679' (8,696)
2021-05-02 01:30:57: Скопирован новый 'C:/Users/Yaroslav/Desktop/Project UE/New Unity Project (1)/Library/Artifacts/5b/5b4a1f94e6b7942348581a319e31a70c' -> 'Z:/Portal Программы/_GitHub/GamePenguin/New Unity Project (1)/Library/Artifacts/5b/5b4a1f94e6b7942348581a319e31a70c' (8,120)
2021-05-02 01:30:57: Скопирован новый 'C:/Users/Yaroslav/Desktop/Project UE/New Unity Project (1)/Library/Artifacts/62/62fc53b706c8c3338be4276839746041' -> 'Z:/Portal Программы/_GitHub/GamePenguin/New Unity Project (1)/Library/Artifacts/62/62fc53b706c8c3338be4276839746041' (8,644)
2021-05-02 01:30:57: Скопирован новый 'C:/Users/Yaroslav/Desktop/Project UE/New Unity Project (1)/Library/Artifacts/68/683b9b79636baed29fe2cf0e8ffb78e7' -> 'Z:/Portal Программы/_GitHub/GamePenguin/New Unity Project (1)/Library/Artifacts/68/683b9b79636baed29fe2cf0e8ffb78e7' (8,652)
2021-05-02 01:30:57: Скопирован новый 'C:/Users/Yaroslav/Desktop/Project UE/New Unity Project (1)/Library/Artifacts/68/684292a8c27b02d3ee2f0562153feb9c' -> 'Z:/Portal Программы/_GitHub/GamePenguin/New Unity Project (1)/Library/Artifacts/68/684292a8c27b02d3ee2f0562153feb9c' (8,596)
2021-05-02 01:30:57: Скопирован новый 'C:/Users/Yaroslav/Desktop/Project UE/New Unity Project (1)/Library/Artifacts/71/7177033f9c53566fc1230dab50b20be8' -> 'Z:/Portal Программы/_GitHub/GamePenguin/New Unity Project (1)/Library/Artifacts/71/7177033f9c53566fc1230dab50b20be8' (8,316)
2021-05-02 01:30:57: Скопирован новый 'C:/Users/Yaroslav/Desktop/Project UE/New Unity Project (1)/Library/Artifacts/77/778e6d9d2d4f02abd41f44e1f3a381d3' -> 'Z:/Portal Программы/_GitHub/GamePenguin/New Unity Project (1)/Library/Artifacts/77/778e6d9d2d4f02abd41f44e1f3a381d3' (8,420)
2021-05-02 01:30:58: Скопирован новый 'C:/Users/Yaroslav/Desktop/Project UE/New Unity Project (1)/Library/Artifacts/77/77bea9870f9692e8b69acbfddbe033f4' -> 'Z:/Portal Программы/_GitHub/GamePenguin/New Unity Project (1)/Library/Artifacts/77/77bea9870f9692e8b69acbfddbe033f4' (8,388)
2021-05-02 01:30:58: Скопирован новый 'C:/Users/Yaroslav/Desktop/Project UE/New Unity Project (1)/Library/Artifacts/7d/7d8a8073ccaa1f5e260846a3f6fc1714' -> 'Z:/Portal Программы/_GitHub/GamePenguin/New Unity Project (1)/Library/Artifacts/7d/7d8a8073ccaa1f5e260846a3f6fc1714' (8,700)
2021-05-02 01:30:58: Скопирован новый 'C:/Users/Yaroslav/Desktop/Project UE/New Unity Project (1)/Library/Artifacts/8b/8ba08606fa98db2531fe93f9c7f26174' -> 'Z:/Portal Программы/_GitHub/GamePenguin/New Unity Project (1)/Library/Artifacts/8b/8ba08606fa98db2531fe93f9c7f26174' (8,604)
2021-05-02 01:30:58: Скопирован новый 'C:/Users/Yaroslav/Desktop/Project UE/New Unity Project (1)/Library/Artifacts/8c/8c694a6ae58a7744ad98254b44b84cae' -> 'Z:/Portal Программы/_GitHub/GamePenguin/New Unity Project (1)/Library/Artifacts/8c/8c694a6ae58a7744ad98254b44b84cae' (8,452)
2021-05-02 01:30:58: Скопирован новый 'C:/Users/Yaroslav/Desktop/Project UE/New Unity Project (1)/Library/Artifacts/8d/8d8012001395e6d07832abb297011345' -> 'Z:/Portal Программы/_GitHub/GamePenguin/New Unity Project (1)/Library/Artifacts/8d/8d8012001395e6d07832abb297011345' (8,428)
2021-05-02 01:30:58: Скопирован новый 'C:/Users/Yaroslav/Desktop/Project UE/New Unity Project (1)/Library/Artifacts/8e/8e459cad48b083741f798eb252591fe3' -> 'Z:/Portal Программы/_GitHub/GamePenguin/New Unity Project (1)/Library/Artifacts/8e/8e459cad48b083741f798eb252591fe3' (8,656)
2021-05-02 01:30:58: Скопирован новый 'C:/Users/Yaroslav/Desktop/Project UE/New Unity Project (1)/Library/Artifacts/93/93a401a525d042e6d7c6e54ecd137abd' -> 'Z:/Portal Программы/_GitHub/GamePenguin/New Unity Project (1)/Library/Artifacts/93/93a401a525d042e6d7c6e54ecd137abd' (8,472)
2021-05-02 01:30:58: Скопирован новый 'C:/Users/Yaroslav/Desktop/Project UE/New Unity Project (1)/Library/Artifacts/96/96897cb7a748bd34b45accf7a9f457e0' -> 'Z:/Portal Программы/_GitHub/GamePenguin/New Unity Project (1)/Library/Artifacts/96/96897cb7a748bd34b45accf7a9f457e0' (8,368)
2021-05-02 01:30:58: Скопирован новый 'C:/Users/Yaroslav/Desktop/Project UE/New Unity Project (1)/Library/Artifacts/98/9870a04c6c80ce9f66450ce7cd1e82a7' -> 'Z:/Portal Программы/_GitHub/GamePenguin/New Unity Project (1)/Library/Artifacts/98/9870a04c6c80ce9f66450ce7cd1e82a7' (8,440)
2021-05-02 01:30:58: Скопирован новый 'C:/Users/Yaroslav/Desktop/Project UE/New Unity Project (1)/Library/Artifacts/9f/9f98add245342415e4c87cac4a175a90' -> 'Z:/Portal Программы/_GitHub/GamePenguin/New Unity Project (1)/Library/Artifacts/9f/9f98add245342415e4c87cac4a175a90' (8,136)
2021-05-02 01:30:58: Скопирован новый 'C:/Users/Yaroslav/Desktop/Project UE/New Unity Project (1)/Library/Artifacts/a5/a5ea583d82e72ea59139e90c99b77306' -> 'Z:/Portal Программы/_GitHub/GamePenguin/New Unity Project (1)/Library/Artifacts/a5/a5ea583d82e72ea59139e90c99b77306' (8,512)
2021-05-02 01:30:58: Скопирован новый 'C:/Users/Yaroslav/Desktop/Project UE/New Unity Project (1)/Library/Artifacts/b3/b33029e5963fde82bdded261694c27a5' -> 'Z:/Portal Программы/_GitHub/GamePenguin/New Unity Project (1)/Library/Artifacts/b3/b33029e5963fde82bdded261694c27a5' (8,660)
2021-05-02 01:30:58: Скопирован новый 'C:/Users/Yaroslav/Desktop/Project UE/New Unity Project (1)/Library/Artifacts/b4/b42dd0a11ca730d85f3502ec856ee581' -> 'Z:/Portal Программы/_GitHub/GamePenguin/New Unity Project (1)/Library/Artifacts/b4/b42dd0a11ca730d85f3502ec856ee581' (8,468)
2021-05-02 01:30:58: Скопирован новый 'C:/Users/Yaroslav/Desktop/Project UE/New Unity Project (1)/Library/Artifacts/b9/b9510850fc8da773c8ca1aa1e855419b' -> 'Z:/Portal Программы/_GitHub/GamePenguin/New Unity Project (1)/Library/Artifacts/b9/b9510850fc8da773c8ca1aa1e855419b' (8,508)
2021-05-02 01:30:58: Скопирован новый 'C:/Users/Yaroslav/Desktop/Project UE/New Unity Project (1)/Library/Artifacts/ba/ba3f5e0063b4f2e9f60df68902623d9d' -> 'Z:/Portal Программы/_GitHub/GamePenguin/New Unity Project (1)/Library/Artifacts/ba/ba3f5e0063b4f2e9f60df68902623d9d' (8,456)
2021-05-02 01:30:58: Скопирован новый 'C:/Users/Yaroslav/Desktop/Project UE/New Unity Project (1)/Library/Artifacts/c1/c12fef8579c9d861369197f5d2a05539' -> 'Z:/Portal Программы/_GitHub/GamePenguin/New Unity Project (1)/Library/Artifacts/c1/c12fef8579c9d861369197f5d2a05539' (8,612)
2021-05-02 01:30:58: Скопирован новый 'C:/Users/Yaroslav/Desktop/Project UE/New Unity Project (1)/Library/Artifacts/c5/c572eba06f20938600db40a650c86a41' -> 'Z:/Portal Программы/_GitHub/GamePenguin/New Unity Project (1)/Library/Artifacts/c5/c572eba06f20938600db40a650c86a41' (8,664)
2021-05-02 01:30:58: Скопирован новый 'C:/Users/Yaroslav/Desktop/Project UE/New Unity Project (1)/Library/Artifacts/ca/caa4e687f4a69dd19d3fc0153ce54c83' -> 'Z:/Portal Программы/_GitHub/GamePenguin/New Unity Project (1)/Library/Artifacts/ca/caa4e687f4a69dd19d3fc0153ce54c83' (25,344)
2021-05-02 01:30:58: Скопирован новый 'C:/Users/Yaroslav/Desktop/Project UE/New Unity Project (1)/Library/Artifacts/ca/caf65509fd5422282678f2497bcc7d72' -> 'Z:/Portal Программы/_GitHub/GamePenguin/New Unity Project (1)/Library/Artifacts/ca/caf65509fd5422282678f2497bcc7d72' (8,376)
2021-05-02 01:30:58: Скопирован новый 'C:/Users/Yaroslav/Desktop/Project UE/New Unity Project (1)/Library/Artifacts/cb/cbe920899480dbe67131aa0b8f30988e' -> 'Z:/Portal Программы/_GitHub/GamePenguin/New Unity Project (1)/Library/Artifacts/cb/cbe920899480dbe67131aa0b8f30988e' (8,228)
2021-05-02 01:30:58: Скопирован новый 'C:/Users/Yaroslav/Desktop/Project UE/New Unity Project (1)/Library/Artifacts/cf/cf2d665d819ea0389ca7930c54be0327' -> 'Z:/Portal Программы/_GitHub/GamePenguin/New Unity Project (1)/Library/Artifacts/cf/cf2d665d819ea0389ca7930c54be0327' (25,312)
2021-05-02 01:30:58: Скопирован новый 'C:/Users/Yaroslav/Desktop/Project UE/New Unity Project (1)/Library/Artifacts/d4/d4b181ab8468d83bd582620ce3d7390a' -> 'Z:/Portal Программы/_GitHub/GamePenguin/New Unity Project (1)/Library/Artifacts/d4/d4b181ab8468d83bd582620ce3d7390a' (8,600)
2021-05-02 01:30:58: Скопирован новый 'C:/Users/Yaroslav/Desktop/Project UE/New Unity Project (1)/Library/Artifacts/de/deeae15d98d75e5b1b3c32856dfc2438' -> 'Z:/Portal Программы/_GitHub/GamePenguin/New Unity Project (1)/Library/Artifacts/de/deeae15d98d75e5b1b3c32856dfc2438' (8,460)
2021-05-02 01:30:58: Скопирован новый 'C:/Users/Yaroslav/Desktop/Project UE/New Unity Project (1)/Library/Artifacts/e7/e7653a93f35fbf204454fe59c7a8b0ea' -> 'Z:/Portal Программы/_GitHub/GamePenguin/New Unity Project (1)/Library/Artifacts/e7/e7653a93f35fbf204454fe59c7a8b0ea' (8,440)
2021-05-02 01:30:58: Скопирован новый 'C:/Users/Yaroslav/Desktop/Project UE/New Unity Project (1)/Library/Artifacts/eb/ebfe4120272db54a0ac754010811a5e1' -> 'Z:/Portal Программы/_GitHub/GamePenguin/New Unity Project (1)/Library/Artifacts/eb/ebfe4120272db54a0ac754010811a5e1' (8,468)
2021-05-02 01:30:58: Скопирован новый 'C:/Users/Yaroslav/Desktop/Project UE/New Unity Project (1)/Library/Artifacts/ef/ef4abe3793e0a8225c2a66b1fae1ceab' -> 'Z:/Portal Программы/_GitHub/GamePenguin/New Unity Project (1)/Library/Artifacts/ef/ef4abe3793e0a8225c2a66b1fae1ceab' (8,484)
2021-05-02 01:30:58: Скопирован новый 'C:/Users/Yaroslav/Desktop/Project UE/New Unity Project (1)/Library/Artifacts/f1/f16e387aa49021e95387d5e44d83c41c' -> 'Z:/Portal Программы/_GitHub/GamePenguin/New Unity Project (1)/Library/Artifacts/f1/f16e387aa49021e95387d5e44d83c41c' (25,312)
2021-05-02 01:30:58: Скопирован новый 'C:/Users/Yaroslav/Desktop/Project UE/New Unity Project (1)/Library/Artifacts/f5/f5cf541fa7834f89508eede4b7e5998f' -> 'Z:/Portal Программы/_GitHub/GamePenguin/New Unity Project (1)/Library/Artifacts/f5/f5cf541fa7834f89508eede4b7e5998f' (8,644)
2021-05-02 01:30:58: Скопирован новый 'C:/Users/Yaroslav/Desktop/Project UE/New Unity Project (1)/Library/Artifacts/f9/f9f36eb26565e8b30c0bbcdd7c8cc386' -> 'Z:/Portal Программы/_GitHub/GamePenguin/New Unity Project (1)/Library/Artifacts/f9/f9f36eb26565e8b30c0bbcdd7c8cc386' (8,592)
2021-05-02 01:30:58: Скопирован новый 'C:/Users/Yaroslav/Desktop/Project UE/New Unity Project (1)/Library/Artifacts/ff/ff8b844ba40ceb067a019c02c53ca03c' -> 'Z:/Portal Программы/_GitHub/GamePenguin/New Unity Project (1)/Library/Artifacts/ff/ff8b844ba40ceb067a019c02c53ca03c' (8,676)
2021-05-02 01:30:58: Скопировано поверх 'C:/Users/Yaroslav/Desktop/Project UE/New Unity Project (1)/Library/CurrentLayout-default.dwlt' -> 'Z:/Portal Программы/_GitHub/GamePenguin/New Unity Project (1)/Library/CurrentLayout-default.dwlt' (26,608)
2021-05-02 01:30:58: Скопировано поверх 'C:/Users/Yaroslav/Desktop/Project UE/New Unity Project (1)/Library/EditorOnlyScriptingSettings.json' -> 'Z:/Portal Программы/_GitHub/GamePenguin/New Unity Project (1)/Library/EditorOnlyScriptingSettings.json' (182)
2021-05-02 01:30:58: Скопировано поверх 'C:/Users/Yaroslav/Desktop/Project UE/New Unity Project (1)/Library/EditorSnapSettings.asset' -> 'Z:/Portal Программы/_GitHub/GamePenguin/New Unity Project (1)/Library/EditorSnapSettings.asset' (546)
2021-05-02 01:30:58: Скопировано поверх 'C:/Users/Yaroslav/Desktop/Project UE/New Unity Project (1)/Library/expandedItems' -> 'Z:/Portal Программы/_GitHub/GamePenguin/New Unity Project (1)/Library/expandedItems' (4,200)
2021-05-02 01:30:58: Скопировано поверх 'C:/Users/Yaroslav/Desktop/Project UE/New Unity Project (1)/Library/InspectorExpandedItems.asset' -> 'Z:/Portal Программы/_GitHub/GamePenguin/New Unity Project (1)/Library/InspectorExpandedItems.asset' (4,976)
2021-05-02 01:30:58: Скопировано поверх 'C:/Users/Yaroslav/Desktop/Project UE/New Unity Project (1)/Library/LastSceneManagerSetup.txt' -> 'Z:/Portal Программы/_GitHub/GamePenguin/New Unity Project (1)/Library/LastSceneManagerSetup.txt' (93)
2021-05-02 01:30:58: Скопировано поверх 'C:/Users/Yaroslav/Desktop/Project UE/New Unity Project (1)/Library/PackageCache/com.unity.timeline@1.4.7/package.json' -> 'Z:/Portal Программы/_GitHub/GamePenguin/New Unity Project (1)/Library/PackageCache/com.unity.timeline@1.4.7/package.json' (866)
2021-05-02 01:30:58: Скопировано поверх 'C:/Users/Yaroslav/Desktop/Project UE/New Unity Project (1)/Library/SceneVisibilityState.asset' -> 'Z:/Portal Программы/_GitHub/GamePenguin/New Unity Project (1)/Library/SceneVisibilityState.asset' (19,732)
2021-05-02 01:30:58: Скопировано поверх 'C:/Users/Yaroslav/Desktop/Project UE/New Unity Project (1)/Library/ScriptAssemblies/Assembly-CSharp-Editor.dll' -> 'Z:/Portal Программы/_GitHub/GamePenguin/New Unity Project (1)/Library/ScriptAssemblies/Assembly-CSharp-Editor.dll' (7,680)
2021-05-02 01:30:58: Скопировано поверх 'C:/Users/Yaroslav/Desktop/Project UE/New Unity Project (1)/Library/ScriptAssemblies/Assembly-CSharp-Editor.pdb' -> 'Z:/Portal Программы/_GitHub/GamePenguin/New Unity Project (1)/Library/ScriptAssemblies/Assembly-CSharp-Editor.pdb' (1,392)
2021-05-02 01:30:58: Скопировано поверх 'C:/Users/Yaroslav/Desktop/Project UE/New Unity Project (1)/Library/ScriptAssemblies/Assembly-CSharp.dll' -> 'Z:/Portal Программы/_GitHub/GamePenguin/New Unity Project (1)/Library/ScriptAssemblies/Assembly-CSharp.dll' (79,360)
2021-05-02 01:30:58: Скопировано поверх 'C:/Users/Yaroslav/Desktop/Project UE/New Unity Project (1)/Library/ScriptAssemblies/Assembly-CSharp.pdb' -> 'Z:/Portal Программы/_GitHub/GamePenguin/New Unity Project (1)/Library/ScriptAssemblies/Assembly-CSharp.pdb' (27,176)
2021-05-02 01:30:58: Скопировано поверх 'C:/Users/Yaroslav/Desktop/Project UE/New Unity Project (1)/Library/ScriptAssemblies/BuiltinAssemblies.stamp' -> 'Z:/Portal Программы/_GitHub/GamePenguin/New Unity Project (1)/Library/ScriptAssemblies/BuiltinAssemblies.stamp' (33)
2021-05-02 01:30:58: Скопировано поверх 'C:/Users/Yaroslav/Desktop/Project UE/New Unity Project (1)/Library/ScriptMapper' -> 'Z:/Portal Программы/_GitHub/GamePenguin/New Unity Project (1)/Library/ScriptMapper' (14,309)
2021-05-02 01:30:58: Скопировано поверх 'C:/Users/Yaroslav/Desktop/Project UE/New Unity Project (1)/Library/ShaderCache/EditorEncounteredVariants' -> 'Z:/Portal Программы/_GitHub/GamePenguin/New Unity Project (1)/Library/ShaderCache/EditorEncounteredVariants' (15,308)
2021-05-02 01:30:58: Скопировано поверх 'C:/Users/Yaroslav/Desktop/Project UE/New Unity Project (1)/Library/SourceAssetDB' -> 'Z:/Portal Программы/_GitHub/GamePenguin/New Unity Project (1)/Library/SourceAssetDB' (4,194,304)
2021-05-02 01:30:58: Скопировано поверх 'C:/Users/Yaroslav/Desktop/Project UE/New Unity Project (1)/Library/SpriteAtlasDatabase.asset' -> 'Z:/Portal Программы/_GitHub/GamePenguin/New Unity Project (1)/Library/SpriteAtlasDatabase.asset' (4,116)
2021-05-02 01:30:58: Скопировано поверх 'C:/Users/Yaroslav/Desktop/Project UE/New Unity Project (1)/Library/StateCache/LayerSettings/9e/9ecc5c3c162a7aba29bafa64c8b94b7c.json' -> 'Z:/Portal Программы/_GitHub/GamePenguin/New Unity Project (1)/Library/StateCache/LayerSettings/9e/9ecc5c3c162a7aba29bafa64c8b94b7c.json' (50)
2021-05-02 01:30:58: Скопировано поверх 'C:/Users/Yaroslav/Desktop/Project UE/New Unity Project (1)/Library/StateCache/MainStageHierarchy/4d/4d2a36d9faf65734f0bbefb3ee623532.json' -> 'Z:/Portal Программы/_GitHub/GamePenguin/New Unity Project (1)/Library/StateCache/MainStageHierarchy/4d/4d2a36d9faf65734f0bbefb3ee623532.json' (112)
2021-05-02 01:30:58: Скопировано поверх 'C:/Users/Yaroslav/Desktop/Project UE/New Unity Project (1)/Library/StateCache/SceneView/8c/8cd7c613bf844de3b80696e27a479d5e.json' -> 'Z:/Portal Программы/_GitHub/GamePenguin/New Unity Project (1)/Library/StateCache/SceneView/8c/8cd7c613bf844de3b80696e27a479d5e.json' (491)
2021-05-02 01:30:58: Скопировано поверх 'C:/Users/Yaroslav/Desktop/Project UE/New Unity Project (1)/Logs/ApiUpdaterCheck.txt' -> 'Z:/Portal Программы/_GitHub/GamePenguin/New Unity Project (1)/Logs/ApiUpdaterCheck.txt' (7,395)
2021-05-02 01:30:58: Скопировано поверх 'C:/Users/Yaroslav/Desktop/Project UE/New Unity Project (1)/Logs/AssetImportWorker0-prev.log' -> 'Z:/Portal Программы/_GitHub/GamePenguin/New Unity Project (1)/Logs/AssetImportWorker0-prev.log' (5,607)
2021-05-02 01:30:58: Скопировано поверх 'C:/Users/Yaroslav/Desktop/Project UE/New Unity Project (1)/Logs/AssetImportWorker0.log' -> 'Z:/Portal Программы/_GitHub/GamePenguin/New Unity Project (1)/Logs/AssetImportWorker0.log' (124,184)
2021-05-02 01:30:58: Скопировано поверх 'C:/Users/Yaroslav/Desktop/Project UE/New Unity Project (1)/Logs/shadercompiler-AssetImportWorker0.log' -> 'Z:/Portal Программы/_GitHub/GamePenguin/New Unity Project (1)/Logs/shadercompiler-AssetImportWorker0.log' (327)
2021-05-02 01:30:58: Скопировано поверх 'C:/Users/Yaroslav/Desktop/Project UE/New Unity Project (1)/Logs/shadercompiler-UnityShaderCompiler.exe0.log' -> 'Z:/Portal Программы/_GitHub/GamePenguin/New Unity Project (1)/Logs/shadercompiler-UnityShaderCompiler.exe0.log' (187)
2021-05-02 01:30:58: Скопировано поверх 'C:/Users/Yaroslav/Desktop/Project UE/New Unity Project (1)/UserSettings/EditorUserSettings.asset' -> 'Z:/Portal Программы/_GitHub/GamePenguin/New Unity Project (1)/UserSettings/EditorUserSettings.asset' (1,183)
2021-05-02 01:30:59: ===== Синхронизация завершена. Время 00:00:03, Скорость: 0.00/s файлов/сек =====, Синхронизировано: 92, Ошибок: 0
